{"contracts/NftMarketplace.sol":{"l":{"46":6,"47":6,"48":0,"50":6,"54":8,"55":8,"56":3,"58":5,"66":11,"67":11,"68":11,"69":1,"71":10,"87":6,"88":1,"90":5,"91":5,"92":0,"94":5,"95":5,"104":3,"105":3,"106":1,"108":2,"109":2,"110":2,"111":2,"119":1,"120":1,"128":1,"129":1,"133":2,"134":2,"135":1,"137":1,"138":1,"139":1,"140":0,"151":3,"155":2},"path":"/Users/nathanalexander/Desktop/solidity/nft-marketplace/contracts/NftMarketplace.sol","s":{"1":6,"2":6,"3":8,"4":8,"5":11,"6":11,"7":11,"8":6,"9":5,"10":5,"11":5,"12":5,"13":3,"14":3,"15":2,"16":2,"17":2,"18":1,"19":1,"20":1,"21":2,"22":2,"23":1,"24":1,"25":1,"26":3,"27":2},"b":{"1":[0,6],"2":[3,5],"3":[1,10],"4":[1,5],"5":[0,5],"6":[1,2],"7":[1,1],"8":[0,1]},"f":{"1":6,"2":8,"3":11,"4":6,"5":3,"6":1,"7":1,"8":2,"9":3,"10":2},"fnMap":{"1":{"name":"notListed","line":41,"loc":{"start":{"line":41,"column":4},"end":{"line":51,"column":4}}},"2":{"name":"isListed","line":53,"loc":{"start":{"line":53,"column":4},"end":{"line":59,"column":4}}},"3":{"name":"isOwner","line":61,"loc":{"start":{"line":61,"column":4},"end":{"line":72,"column":4}}},"4":{"name":"listItem","line":86,"loc":{"start":{"line":82,"column":4},"end":{"line":96,"column":4}}},"5":{"name":"buyItem","line":102,"loc":{"start":{"line":98,"column":4},"end":{"line":112,"column":4}}},"6":{"name":"cancelListing","line":117,"loc":{"start":{"line":114,"column":4},"end":{"line":121,"column":4}}},"7":{"name":"updateListing","line":127,"loc":{"start":{"line":123,"column":4},"end":{"line":130,"column":4}}},"8":{"name":"withdrawProceeds","line":132,"loc":{"start":{"line":132,"column":4},"end":{"line":142,"column":4}}},"9":{"name":"getListing","line":146,"loc":{"start":{"line":146,"column":4},"end":{"line":152,"column":4}}},"10":{"name":"getProceeds","line":154,"loc":{"start":{"line":154,"column":4},"end":{"line":156,"column":4}}}},"statementMap":{"1":{"start":{"line":46,"column":8},"end":{"line":46,"column":64}},"2":{"start":{"line":47,"column":8},"end":{"line":47,"column":1480}},"3":{"start":{"line":54,"column":8},"end":{"line":54,"column":64}},"4":{"start":{"line":55,"column":8},"end":{"line":55,"column":1739}},"5":{"start":{"line":66,"column":8},"end":{"line":66,"column":41}},"6":{"start":{"line":67,"column":8},"end":{"line":67,"column":44}},"7":{"start":{"line":68,"column":8},"end":{"line":68,"column":2064}},"8":{"start":{"line":87,"column":8},"end":{"line":87,"column":2660}},"9":{"start":{"line":90,"column":8},"end":{"line":90,"column":41}},"10":{"start":{"line":91,"column":8},"end":{"line":91,"column":2798}},"11":{"start":{"line":94,"column":8},"end":{"line":94,"column":67}},"12":{"start":{"line":95,"column":8},"end":{"line":95,"column":63}},"13":{"start":{"line":104,"column":8},"end":{"line":104,"column":67}},"14":{"start":{"line":105,"column":8},"end":{"line":105,"column":3296}},"15":{"start":{"line":108,"column":8},"end":{"line":108,"column":80}},"16":{"start":{"line":110,"column":8},"end":{"line":110,"column":83}},"17":{"start":{"line":111,"column":8},"end":{"line":111,"column":74}},"18":{"start":{"line":120,"column":8},"end":{"line":120,"column":58}},"19":{"start":{"line":128,"column":8},"end":{"line":128,"column":55}},"20":{"start":{"line":129,"column":8},"end":{"line":129,"column":66}},"21":{"start":{"line":133,"column":8},"end":{"line":133,"column":49}},"22":{"start":{"line":134,"column":8},"end":{"line":134,"column":4451}},"23":{"start":{"line":137,"column":8},"end":{"line":137,"column":33}},"24":{"start":{"line":138,"column":8},"end":{"line":138,"column":72}},"25":{"start":{"line":139,"column":8},"end":{"line":139,"column":4649}},"26":{"start":{"line":151,"column":8},"end":{"line":151,"column":46}},"27":{"start":{"line":155,"column":8},"end":{"line":155,"column":33}}},"branchMap":{"1":{"line":47,"type":"if","locations":[{"start":{"line":47,"column":8},"end":{"line":47,"column":8}},{"start":{"line":47,"column":8},"end":{"line":47,"column":8}}]},"2":{"line":55,"type":"if","locations":[{"start":{"line":55,"column":8},"end":{"line":55,"column":8}},{"start":{"line":55,"column":8},"end":{"line":55,"column":8}}]},"3":{"line":68,"type":"if","locations":[{"start":{"line":68,"column":8},"end":{"line":68,"column":8}},{"start":{"line":68,"column":8},"end":{"line":68,"column":8}}]},"4":{"line":87,"type":"if","locations":[{"start":{"line":87,"column":8},"end":{"line":87,"column":8}},{"start":{"line":87,"column":8},"end":{"line":87,"column":8}}]},"5":{"line":91,"type":"if","locations":[{"start":{"line":91,"column":8},"end":{"line":91,"column":8}},{"start":{"line":91,"column":8},"end":{"line":91,"column":8}}]},"6":{"line":105,"type":"if","locations":[{"start":{"line":105,"column":8},"end":{"line":105,"column":8}},{"start":{"line":105,"column":8},"end":{"line":105,"column":8}}]},"7":{"line":134,"type":"if","locations":[{"start":{"line":134,"column":8},"end":{"line":134,"column":8}},{"start":{"line":134,"column":8},"end":{"line":134,"column":8}}]},"8":{"line":139,"type":"if","locations":[{"start":{"line":139,"column":8},"end":{"line":139,"column":8}},{"start":{"line":139,"column":8},"end":{"line":139,"column":8}}]}}},"contracts/test/BasicNft.sol":{"l":{"14":3,"18":10,"19":10,"20":10,"24":0,"25":0,"29":0},"path":"/Users/nathanalexander/Desktop/solidity/nft-marketplace/contracts/test/BasicNft.sol","s":{"1":3,"2":10,"3":10,"4":10,"5":0,"6":0,"7":0},"b":{"1":[0,0]},"f":{"1":3,"2":10,"3":0,"4":0},"fnMap":{"1":{"name":"constructor","line":13,"loc":{"start":{"line":13,"column":4},"end":{"line":15,"column":4}}},"2":{"name":"mintNft","line":17,"loc":{"start":{"line":17,"column":4},"end":{"line":21,"column":4}}},"3":{"name":"tokenURI","line":23,"loc":{"start":{"line":23,"column":4},"end":{"line":26,"column":4}}},"4":{"name":"getTokenCounter","line":28,"loc":{"start":{"line":28,"column":4},"end":{"line":30,"column":4}}}},"statementMap":{"1":{"start":{"line":14,"column":8},"end":{"line":14,"column":25}},"2":{"start":{"line":18,"column":8},"end":{"line":18,"column":44}},"3":{"start":{"line":19,"column":8},"end":{"line":19,"column":38}},"4":{"start":{"line":20,"column":8},"end":{"line":20,"column":42}},"5":{"start":{"line":24,"column":8},"end":{"line":24,"column":83}},"6":{"start":{"line":25,"column":8},"end":{"line":25,"column":24}},"7":{"start":{"line":29,"column":8},"end":{"line":29,"column":29}}},"branchMap":{"1":{"line":24,"type":"if","locations":[{"start":{"line":24,"column":8},"end":{"line":24,"column":8}},{"start":{"line":24,"column":8},"end":{"line":24,"column":8}}]}}}}