TN:
SF:/Users/nathanalexander/Desktop/solidity/nft-marketplace/contracts/NftMarketplace.sol
FN:41,notListed
FN:53,isListed
FN:61,isOwner
FN:86,listItem
FN:102,buyItem
FN:117,cancelListing
FN:127,updateListing
FN:132,withdrawProceeds
FN:146,getListing
FN:154,getProceeds
FNF:10
FNH:10
FNDA:6,notListed
FNDA:8,isListed
FNDA:11,isOwner
FNDA:6,listItem
FNDA:3,buyItem
FNDA:1,cancelListing
FNDA:1,updateListing
FNDA:2,withdrawProceeds
FNDA:3,getListing
FNDA:2,getProceeds
DA:46,6
DA:47,6
DA:48,0
DA:50,6
DA:54,8
DA:55,8
DA:56,3
DA:58,5
DA:66,11
DA:67,11
DA:68,11
DA:69,1
DA:71,10
DA:87,6
DA:88,1
DA:90,5
DA:91,5
DA:92,0
DA:94,5
DA:95,5
DA:104,3
DA:105,3
DA:106,1
DA:108,2
DA:109,2
DA:110,2
DA:111,2
DA:119,1
DA:120,1
DA:128,1
DA:129,1
DA:133,2
DA:134,2
DA:135,1
DA:137,1
DA:138,1
DA:139,1
DA:140,0
DA:151,3
DA:155,2
LF:40
LH:37
BRDA:47,1,0,0
BRDA:47,1,1,6
BRDA:55,2,0,3
BRDA:55,2,1,5
BRDA:68,3,0,1
BRDA:68,3,1,10
BRDA:87,4,0,1
BRDA:87,4,1,5
BRDA:91,5,0,0
BRDA:91,5,1,5
BRDA:105,6,0,1
BRDA:105,6,1,2
BRDA:134,7,0,1
BRDA:134,7,1,1
BRDA:139,8,0,0
BRDA:139,8,1,1
BRF:16
BRH:13
end_of_record
TN:
SF:/Users/nathanalexander/Desktop/solidity/nft-marketplace/contracts/test/BasicNft.sol
FN:13,constructor
FN:17,mintNft
FN:23,tokenURI
FN:28,getTokenCounter
FNF:4
FNH:2
FNDA:3,constructor
FNDA:10,mintNft
FNDA:0,tokenURI
FNDA:0,getTokenCounter
DA:14,3
DA:18,10
DA:19,10
DA:20,10
DA:24,0
DA:25,0
DA:29,0
LF:7
LH:4
BRDA:24,1,0,0
BRDA:24,1,1,0
BRF:2
BRH:0
end_of_record
